* installing *source* package ‘FesSelectionCUDA’ ...
** libs
** arch - 
/usr/local/cuda/bin/nvcc -gencode arch=compute_20,code=sm_20 -gencode arch=compute_30,code=sm_30 -gencode arch=compute_35,code=sm_35 -gencode arch=compute_50,code=sm_50 -gencode arch=compute_52,code=sm_52  -c  -I. -I"/usr/local/cuda/include" -I"/usr/share/R/include"  -Xcompiler -fpic LRCUDA.cu -o LRCUDA.o
nvcc warning : The 'compute_20', 'sm_20', and 'sm_21' architectures are deprecated, and may be removed in a future release (Use -Wno-deprecated-gpu-targets to suppress warning).
LRCUDA.cu(532): warning: parameter "all_valid" was set but never used

LRCUDA.cu(1532): warning: variable "j" was declared but never referenced

LRCUDA.cu(1532): warning: variable "k" was declared but never referenced

LRCUDA.cu(532): warning: parameter "all_valid" was set but never used

LRCUDA.cu(1532): warning: variable "j" was declared but never referenced

LRCUDA.cu(1532): warning: variable "k" was declared but never referenced

LRCUDA.cu(532): warning: parameter "all_valid" was set but never used

LRCUDA.cu(1532): warning: variable "j" was declared but never referenced

LRCUDA.cu(1532): warning: variable "k" was declared but never referenced

LRCUDA.cu(532): warning: parameter "all_valid" was set but never used

LRCUDA.cu(1532): warning: variable "j" was declared but never referenced

LRCUDA.cu(1532): warning: variable "k" was declared but never referenced

LRCUDA.cu(532): warning: parameter "all_valid" was set but never used

LRCUDA.cu(1532): warning: variable "j" was declared but never referenced

LRCUDA.cu(1532): warning: variable "k" was declared but never referenced

LRCUDA.cu(532): warning: parameter "all_valid" was set but never used

LRCUDA.cu(1532): warning: variable "j" was declared but never referenced

LRCUDA.cu(1532): warning: variable "k" was declared but never referenced

/usr/local/cuda/bin/nvcc -gencode arch=compute_20,code=sm_20 -gencode arch=compute_30,code=sm_30 -gencode arch=compute_35,code=sm_35 -gencode arch=compute_50,code=sm_50 -gencode arch=compute_52,code=sm_52  -shared  -Xlinker ' ' -L"/usr/lib/R/lib" -L"/usr/local/cuda/lib64" -lcublas -lblas LRCUDA.o -o LRCUDA.so
nvcc warning : The 'compute_20', 'sm_20', and 'sm_21' architectures are deprecated, and may be removed in a future release (Use -Wno-deprecated-gpu-targets to suppress warning).
installing to /home/mzp/goku_LRCUDA_Floder/LRCUDA/FesSelectionCUDA.Rcheck/FesSelectionCUDA/libs
** R
** preparing package for lazy loading
** help
Warning: bad markup (extra space?) at LRCUDA.Rd:17:13
Warning: bad markup (extra space?) at LRCUDA.Rd:20:18
Warning: bad markup (extra space?) at LRCUDA.Rd:23:16
Warning: bad markup (extra space?) at LRCUDA.Rd:29:14
*** installing help indices
** building package indices
** testing if installed package can be loaded
* DONE (FesSelectionCUDA)
